<?xml version="1.0" encoding="utf-8"?><testsuites name="pytest tests"><testsuite name="pytest" errors="0" failures="0" skipped="0" tests="11" time="1.585" timestamp="2026-01-26T19:59:32.512169+00:00" hostname="agent-env-b21937a5-f9aa-44e2-a46f-b505afebdd9c"><testcase classname="backend.tests.test_block_problems.TestBlockProblemWorkflow" name="test_create_block_problem_success" time="0.404" /><testcase classname="backend.tests.test_block_problems.TestBlockProblemWorkflow" name="test_create_block_problem_with_empty_starter_blocks" time="0.085" /><testcase classname="backend.tests.test_block_problems.TestBlockProblemWorkflow" name="test_create_block_problem_with_lesson_materials" time="0.087" /><testcase classname="backend.tests.test_block_problems.TestBlockProblemWorkflow" name="test_get_block_problem_by_id" time="0.091" /><testcase classname="backend.tests.test_block_problems.TestBlockProblemWorkflow" name="test_filter_problems_by_block_type" time="0.050" /><testcase classname="backend.tests.test_block_problems.TestBlockProblemWorkflow" name="test_update_block_problem_xml_fields" time="0.042" /><testcase classname="backend.tests.test_block_problems.TestBlockProblemWorkflow" name="test_update_block_problem_lesson_materials" time="0.086" /><testcase classname="backend.tests.test_block_problems.TestBlockProblemWorkflow" name="test_unauthorized_create_problem" time="0.040" /><testcase classname="backend.tests.test_block_problems.TestBlockProblemWorkflow" name="test_get_problems_requires_auth" time="0.080" /><testcase classname="backend.tests.test_block_problems.TestBlockProblemDataIntegrity" name="test_xml_special_characters_preserved" time="0.352" /><testcase classname="backend.tests.test_block_problems.TestBlockProblemDataIntegrity" name="test_large_xml_handling" time="0.086" /></testsuite></testsuites>