<?xml version="1.0" encoding="utf-8"?><testsuites name="pytest tests"><testsuite name="pytest" errors="0" failures="0" skipped="0" tests="7" time="1.064" timestamp="2026-02-03T17:42:41.454067+00:00" hostname="agent-env-468d5013-1023-41b9-a777-dd4c16840adb"><testcase classname="backend.tests.test_events_blocks.TestEventsBlocksAPI" name="test_create_problem_with_event_start_block" time="0.415" /><testcase classname="backend.tests.test_events_blocks.TestEventsBlocksAPI" name="test_create_problem_with_key_pressed_block" time="0.087" /><testcase classname="backend.tests.test_events_blocks.TestEventsBlocksAPI" name="test_create_problem_with_arrow_keys" time="0.087" /><testcase classname="backend.tests.test_events_blocks.TestEventsBlocksAPI" name="test_create_problem_with_turtle_clicked_block" time="0.084" /><testcase classname="backend.tests.test_events_blocks.TestEventsBlocksAPI" name="test_create_problem_with_mouse_move_block" time="0.124" /><testcase classname="backend.tests.test_events_blocks.TestEventsBlocksAPI" name="test_existing_keyboard_controls_problem" time="0.047" /><testcase classname="backend.tests.test_events_blocks.TestEventsBlocksAPI" name="test_existing_click_to_move_problem" time="0.045" /></testsuite></testsuites>