<?xml version="1.0" encoding="utf-8"?><testsuites name="pytest tests"><testsuite name="pytest" errors="0" failures="0" skipped="0" tests="12" time="3.071" timestamp="2026-08-28T01:11:39.487207+00:00" hostname="agent-env-54727c13-a53c-4560-8a14-a9c660168da7"><testcase classname="tests.test_curriculum_gradebook.TestGradebookGrid" name="test_returns_200_with_columns_and_rows" time="0.840" /><testcase classname="tests.test_curriculum_gradebook.TestGradebookGrid" name="test_column_ordering" time="0.167" /><testcase classname="tests.test_curriculum_gradebook.TestGradebookGrid" name="test_no_mongo_id_leak" time="0.110" /><testcase classname="tests.test_curriculum_gradebook.TestGradebookGrid" name="test_empty_classroom_returns_empty_rows" time="0.130" /><testcase classname="tests.test_curriculum_gradebook.TestGradebookGrid" name="test_unknown_classroom_404" time="0.128" /><testcase classname="tests.test_curriculum_gradebook.TestGradebookGrid" name="test_missing_param_422" time="0.112" /><testcase classname="tests.test_curriculum_gradebook.TestGradebookGrid" name="test_unauthenticated_rejected" time="0.131" /><testcase classname="tests.test_curriculum_gradebook.TestGradebookGrid" name="test_other_teacher_gets_404" time="0.531" /><testcase classname="tests.test_curriculum_gradebook.TestLessonAvgMath" name="test_lesson_avg_matches_manual_computation" time="0.216" /><testcase classname="tests.test_curriculum_gradebook.TestLegacyReports" name="test_post_gradebook_requires_assignments" time="0.137" /><testcase classname="tests.test_curriculum_gradebook.TestLegacyReports" name="test_post_gradebook_still_works" time="0.272" /><testcase classname="tests.test_curriculum_gradebook.TestLegacyReports" name="test_post_missing_still_works" time="0.244" /></testsuite></testsuites>