<?xml version="1.0" encoding="utf-8"?><testsuites name="pytest tests"><testsuite name="pytest" errors="0" failures="0" skipped="0" tests="12" time="6.258" timestamp="2026-06-30T15:31:56.319013+00:00" hostname="agent-env-54727c13-a53c-4560-8a14-a9c660168da7"><testcase classname="tests.test_help_system.TestHelpFaq" name="test_faq_teacher_audience_as_admin" time="0.579" /><testcase classname="tests.test_help_system.TestHelpFaq" name="test_faq_admin_audience_as_admin" time="0.147" /><testcase classname="tests.test_help_system.TestFaqRoleGating" name="test_teacher_requesting_admin_audience_is_downgraded" time="0.146" /><testcase classname="tests.test_help_system.TestFaqRoleGating" name="test_student_calling_faq_no_crash" time="0.156" /><testcase classname="tests.test_help_system.TestFaqRoleGating" name="test_student_requesting_admin_audience_blocked_or_downgraded" time="0.127" /><testcase classname="tests.test_help_system.TestFaqRoleGating" name="test_unauthenticated_faq" time="0.099" /><testcase classname="tests.test_help_system.TestHelpAsk" name="test_ask_admin_returns_answer" time="2.354" /><testcase classname="tests.test_help_system.TestHelpAsk" name="test_ask_empty_question" time="0.099" /><testcase classname="tests.test_help_system.TestHelpAsk" name="test_ask_too_long_question" time="0.147" /><testcase classname="tests.test_help_system.TestHelpAsk" name="test_ask_prompt_injection_does_not_crash" time="1.928" /><testcase classname="tests.test_help_system.TestHelpAsk" name="test_ask_student_forbidden" time="0.141" /><testcase classname="tests.test_help_system.TestHelpAsk" name="test_ask_unauthenticated" time="0.160" /></testsuite></testsuites>