<?xml version="1.0" encoding="utf-8"?><testsuites name="pytest tests"><testsuite name="pytest" errors="0" failures="0" skipped="0" tests="5" time="5.699" timestamp="2026-06-30T16:03:16.968957+00:00" hostname="agent-env-54727c13-a53c-4560-8a14-a9c660168da7"><testcase classname="backend.tests.test_last_updated_badge.TestCurriculumUnitsLastUpdated" name="test_turtle_chapters_have_iso_last_updated" time="0.580" /><testcase classname="backend.tests.test_last_updated_badge.TestProblemPutStampsUpdatedAt" name="test_put_problem_bumps_updated_at" time="1.230" /><testcase classname="backend.tests.test_last_updated_badge.TestProblemPutStampsUpdatedAt" name="test_move_problem_bumps_updated_at" time="1.289" /><testcase classname="backend.tests.test_last_updated_badge.TestRenameStampsUpdatedAt" name="test_rename_lesson_stamps_updated_at" time="1.215" /><testcase classname="backend.tests.test_last_updated_badge.TestRenameStampsUpdatedAt" name="test_rename_chapter_stamps_updated_at" time="1.250" /></testsuite></testsuites>