<?xml version="1.0" encoding="utf-8"?><testsuites name="pytest tests"><testsuite name="pytest" errors="0" failures="0" skipped="0" tests="5" time="10.835" timestamp="2026-08-11T00:38:23.005185+00:00" hostname="agent-env-54727c13-a53c-4560-8a14-a9c660168da7"><testcase classname="backend.tests.test_lesson_plan_schedule.TestSeedNonDestructive" name="test_seed_functions_have_early_return" time="0.009" /><testcase classname="backend.tests.test_lesson_plan_schedule.TestSeedNonDestructive" name="test_startup_log_reports_skipping_seed" time="0.011" /><testcase classname="backend.tests.test_lesson_plan_schedule.TestLessonPlanTemplates" name="test_upload_list_delete_template" time="1.175" /><testcase classname="backend.tests.test_lesson_plan_schedule.TestGenerateFromSchedule" name="test_turtle_lesson_produces_turtle_content" time="9.444" /><testcase classname="backend.tests.test_lesson_plan_schedule.TestGenerateFromSchedule" name="test_missing_lesson_returns_no_content_marker" time="0.131" /></testsuite></testsuites>