<?xml version="1.0" encoding="utf-8"?><testsuites name="pytest tests"><testsuite name="pytest" errors="0" failures="0" skipped="0" tests="11" time="17.425" timestamp="2026-02-13T15:04:38.536412+00:00" hostname="agent-env-c5d34ce7-37d9-4b49-bf7c-294290da0b12"><testcase classname="backend.tests.test_lesson_plans.TestLessonPlanAPIs" name="test_01_api_health_check" time="0.268" /><testcase classname="backend.tests.test_lesson_plans.TestLessonPlanAPIs" name="test_02_auth_me_endpoint" time="0.140" /><testcase classname="backend.tests.test_lesson_plans.TestLessonPlanAPIs" name="test_03_get_lesson_plans_empty" time="0.168" /><testcase classname="backend.tests.test_lesson_plans.TestLessonPlanAPIs" name="test_04_get_lesson_plans_unauthorized" time="0.154" /><testcase classname="backend.tests.test_lesson_plans.TestLessonPlanAPIs" name="test_05_save_lesson_plan" time="0.529" /><testcase classname="backend.tests.test_lesson_plans.TestLessonPlanAPIs" name="test_06_delete_lesson_plan" time="0.376" /><testcase classname="backend.tests.test_lesson_plans.TestLessonPlanAPIs" name="test_07_delete_nonexistent_plan" time="0.135" /><testcase classname="backend.tests.test_lesson_plans.TestLessonPlanAPIs" name="test_08_generate_lesson_plan_validation" time="5.244" /><testcase classname="backend.tests.test_lesson_plans.TestLessonPlanAPIs" name="test_09_generate_lesson_plan_success" time="9.747" /><testcase classname="backend.tests.test_lesson_plans.TestLessonPlanEdgeCases" name="test_10_save_plan_with_special_characters" time="0.275" /><testcase classname="backend.tests.test_lesson_plans.TestLessonPlanEdgeCases" name="test_11_save_plan_with_many_days" time="0.276" /></testsuite></testsuites>