<?xml version="1.0" encoding="utf-8"?><testsuites name="pytest tests"><testsuite name="pytest" errors="0" failures="0" skipped="0" tests="3" time="34.100" timestamp="2026-08-11T14:36:26.844088+00:00" hostname="agent-env-54727c13-a53c-4560-8a14-a9c660168da7"><testcase classname="backend.tests.test_lesson_plan_download.TestGenerateSectionsDict" name="test_generate_produces_template_keyed_sections" time="7.852" /><testcase classname="backend.tests.test_lesson_plan_download.TestDownloadDayDocx" name="test_download_day_returns_filled_docx" time="8.329" /><testcase classname="backend.tests.test_lesson_plan_download.TestDownloadWeekDocx" name="test_download_week_has_three_filled_tables_with_page_breaks" time="17.868" /></testsuite></testsuites>