<?xml version="1.0" encoding="utf-8"?><testsuites name="pytest tests"><testsuite name="pytest" errors="0" failures="0" skipped="0" tests="14" time="1.704" timestamp="2026-02-13T14:23:27.400189+00:00" hostname="agent-env-c5d34ce7-37d9-4b49-bf7c-294290da0b12"><testcase classname="backend.tests.test_lesson_plans.TestLessonPlansAPI" name="test_01_get_lesson_plans_empty_or_existing" time="0.527" /><testcase classname="backend.tests.test_lesson_plans.TestLessonPlansAPI" name="test_02_create_lesson_plan" time="0.068" /><testcase classname="backend.tests.test_lesson_plans.TestLessonPlansAPI" name="test_03_get_lesson_plans_contains_created" time="0.084" /><testcase classname="backend.tests.test_lesson_plans.TestLessonPlansAPI" name="test_04_get_single_lesson_plan" time="0.060" /><testcase classname="backend.tests.test_lesson_plans.TestLessonPlansAPI" name="test_05_update_lesson_plan" time="0.067" /><testcase classname="backend.tests.test_lesson_plans.TestLessonPlansAPI" name="test_06_verify_update_persisted" time="0.067" /><testcase classname="backend.tests.test_lesson_plans.TestLessonPlansAPI" name="test_07_duplicate_lesson_id_rejected" time="0.065" /><testcase classname="backend.tests.test_lesson_plans.TestLessonPlansAPI" name="test_08_delete_lesson_plan" time="0.058" /><testcase classname="backend.tests.test_lesson_plans.TestLessonPlansAPI" name="test_09_verify_delete_persisted" time="0.062" /><testcase classname="backend.tests.test_lesson_plans.TestLessonPlansAPI" name="test_10_get_nonexistent_plan" time="0.057" /><testcase classname="backend.tests.test_lesson_plans.TestLessonPlansValidation" name="test_create_without_title_fails" time="0.060" /><testcase classname="backend.tests.test_lesson_plans.TestLessonPlansValidation" name="test_create_without_lesson_id_fails" time="0.056" /><testcase classname="backend.tests.test_lesson_plans.TestLessonPlansAuth" name="test_get_without_auth_fails" time="0.112" /><testcase classname="backend.tests.test_lesson_plans.TestLessonPlansAuth" name="test_post_without_auth_fails" time="0.239" /></testsuite></testsuites>