<?xml version="1.0" encoding="utf-8"?><testsuites name="pytest tests"><testsuite name="pytest" errors="0" failures="0" skipped="0" tests="9" time="26.150" timestamp="2026-08-20T21:22:38.408499+00:00" hostname="agent-env-54727c13-a53c-4560-8a14-a9c660168da7"><testcase classname="tests.test_lesson_plan_ai_sections.TestAuthGating" name="test_unauthenticated_rejected" time="0.197" /><testcase classname="tests.test_lesson_plan_ai_sections.TestAuthGating" name="test_bad_token_rejected" time="0.352" /><testcase classname="tests.test_lesson_plan_ai_sections.TestAuthGating" name="test_student_forbidden" time="0.450" /><testcase classname="tests.test_lesson_plan_ai_sections.TestGenerateWithTemplateLabels" name="test_generate_returns_all_labels_non_empty" time="13.627" /><testcase classname="tests.test_lesson_plan_ai_sections.TestGenerateWithTemplateLabels" name="test_sections_are_turtle_grounded" time="0.000" /><testcase classname="tests.test_lesson_plan_ai_sections.TestGenerateWithTemplateLabels" name="test_sections_persisted_in_get_lesson_plans" time="0.150" /><testcase classname="tests.test_lesson_plan_ai_sections.TestGenerateWithTemplateLabels" name="test_docx_download_contains_sections" time="0.224" /><testcase classname="tests.test_lesson_plan_ai_sections.TestGenerateWithoutTemplate" name="test_no_template_returns_content" time="10.960" /><testcase classname="tests.test_lesson_plan_ai_sections.TestNoGroundingData" name="test_unknown_lesson_returns_warning_not_crash" time="0.104" /></testsuite></testsuites>