<?xml version="1.0" encoding="utf-8"?><testsuites name="pytest tests"><testsuite name="pytest" errors="0" failures="0" skipped="0" tests="7" time="4.944" timestamp="2026-08-15T00:09:23.955852+00:00" hostname="agent-env-54727c13-a53c-4560-8a14-a9c660168da7"><testcase classname="backend.tests.test_ordered_execution.TestCreateProblem" name="test_create_turtle_ordered_execution" time="2.775" /><testcase classname="backend.tests.test_ordered_execution.TestCreateProblem" name="test_create_legacy_turtle_defaults_to_text_match" time="0.115" /><testcase classname="backend.tests.test_ordered_execution.TestUpdateProblem" name="test_update_target_sequence_and_verify_persistence" time="0.393" /><testcase classname="backend.tests.test_ordered_execution.TestOrderedExecutionSubmissions" name="test_perfect_sequence_scores_100" time="0.401" /><testcase classname="backend.tests.test_ordered_execution.TestOrderedExecutionSubmissions" name="test_wrong_step_2_left_instead_of_right" time="0.176" /><testcase classname="backend.tests.test_ordered_execution.TestOrderedExecutionSubmissions" name="test_too_short_sequence" time="0.256" /><testcase classname="backend.tests.test_ordered_execution.TestOrderedExecutionSubmissions" name="test_extra_commands_beyond_target" time="0.761" /></testsuite></testsuites>