<?xml version="1.0" encoding="utf-8"?><testsuites name="pytest tests"><testsuite name="pytest" errors="0" failures="0" skipped="0" tests="10" time="2.950" timestamp="2026-06-29T20:25:06.337266+00:00" hostname="agent-env-54727c13-a53c-4560-8a14-a9c660168da7"><testcase classname="backend.tests.test_rename_chapter.TestChapterAudit" name="test_audit_admin_basic" time="0.581" /><testcase classname="backend.tests.test_rename_chapter.TestChapterAudit" name="test_audit_assignment_type_filter" time="0.112" /><testcase classname="backend.tests.test_rename_chapter.TestChapterAudit" name="test_audit_non_admin_teacher_forbidden" time="0.693" /><testcase classname="backend.tests.test_rename_chapter.TestChapterAudit" name="test_audit_student_forbidden" time="0.118" /><testcase classname="backend.tests.test_rename_chapter.TestRenameChapterValidation" name="test_missing_fields" time="0.168" /><testcase classname="backend.tests.test_rename_chapter.TestRenameChapterValidation" name="test_identical_names" time="0.158" /><testcase classname="backend.tests.test_rename_chapter.TestRenameChapterValidation" name="test_non_admin_teacher_forbidden" time="0.112" /><testcase classname="backend.tests.test_rename_chapter.TestRenameChapterValidation" name="test_student_forbidden" time="0.116" /><testcase classname="backend.tests.test_rename_chapter.TestRenameChapterFlow" name="test_simple_rename" time="0.476" /><testcase classname="backend.tests.test_rename_chapter.TestRenameChapterFlow" name="test_merge_into_existing" time="0.225" /></testsuite></testsuites>