<?xml version="1.0" encoding="utf-8"?><testsuites name="pytest tests"><testsuite name="pytest" errors="0" failures="0" skipped="0" tests="9" time="1.057" timestamp="2026-01-22T14:47:48.651424+00:00" hostname="agent-env-d600c8b0-4e5e-4db6-bb24-a35db97a3727"><testcase classname="tests.test_teacher_panel.TestTeacherPanelBackend" name="test_teacher_login" time="0.301" /><testcase classname="tests.test_teacher_panel.TestTeacherPanelBackend" name="test_get_assignment_exists" time="0.043" /><testcase classname="tests.test_teacher_panel.TestTeacherPanelBackend" name="test_student_progress_endpoint" time="0.040" /><testcase classname="tests.test_teacher_panel.TestTeacherPanelBackend" name="test_student_progress_with_classroom_filter" time="0.041" /><testcase classname="tests.test_teacher_panel.TestTeacherPanelBackend" name="test_student_code_endpoint_no_submission" time="0.121" /><testcase classname="tests.test_teacher_panel.TestTeacherPanelBackend" name="test_student_progress_unauthorized" time="0.040" /><testcase classname="tests.test_teacher_panel.TestTeacherPanelBackend" name="test_student_code_unauthorized" time="0.045" /><testcase classname="tests.test_teacher_panel.TestTeacherPanelBackend" name="test_student_progress_invalid_assignment" time="0.045" /><testcase classname="tests.test_teacher_panel.TestClassroomStudents" name="test_classroom_has_students" time="0.326" /></testsuite></testsuites>