<?xml version="1.0" encoding="utf-8"?><testsuites name="pytest tests"><testsuite name="pytest" errors="0" failures="2" skipped="0" tests="21" time="3.935" timestamp="2026-05-29T15:15:05.173134+00:00" hostname="agent-env-54727c13-a53c-4560-8a14-a9c660168da7"><testcase classname="backend.tests.test_test_assignments.TestAdminLibrary" name="test_library_returns_only_admin_tests" time="0.266" /><testcase classname="backend.tests.test_test_assignments.TestAdminLibrary" name="test_library_has_both_types" time="0.129" /><testcase classname="backend.tests.test_test_assignments.TestAdminLibrary" name="test_library_rejects_student" time="0.112" /><testcase classname="backend.tests.test_test_assignments.TestAdminLibrary" name="test_library_rejects_unauthenticated" time="0.161" /><testcase classname="backend.tests.test_test_assignments.TestBulkAssign" name="test_bulk_assign_happy_path_creates_one_per_classroom" time="0.167" /><testcase classname="backend.tests.test_test_assignments.TestBulkAssign" name="test_bulk_assign_upsert_no_duplicate" time="0.331" /><testcase classname="backend.tests.test_test_assignments.TestBulkAssign" name="test_bulk_assign_rejects_non_admin_test" time="0.154" /><testcase classname="backend.tests.test_test_assignments.TestBulkAssign" name="test_bulk_assign_missing_schedules_400" time="0.149" /><testcase classname="backend.tests.test_test_assignments.TestBulkAssign" name="test_bulk_assign_invalid_test_type_400" time="0.125" /><testcase classname="backend.tests.test_test_assignments.TestBulkAssign" name="test_bulk_assign_test_not_found_404" time="0.192" /><testcase classname="backend.tests.test_test_assignments.TestBulkAssign" name="test_bulk_assign_not_owned_classroom_403" time="0.166" /><testcase classname="backend.tests.test_test_assignments.TestBulkAssign" name="test_bulk_assign_rejects_student" time="0.120" /><testcase classname="backend.tests.test_test_assignments.TestListAssignments" name="test_teacher_sees_all" time="0.152" /><testcase classname="backend.tests.test_test_assignments.TestListAssignments" name="test_student_sees_only_currently_available" time="0.370"><failure message="AssertionError: Internal Server Error&#10;assert 500 == 200&#10; +  where 500 = &lt;Response [500]&gt;.status_code">backend/tests/test_test_assignments.py:400: in test_student_sees_only_currently_available
    assert rs.status_code == 200, rs.text
E   AssertionError: Internal Server Error
E   assert 500 == 200
E    +  where 500 = &lt;Response [500]&gt;.status_code</failure></testcase><testcase classname="backend.tests.test_test_assignments.TestListAssignments" name="test_student_sees_when_available_from_is_past" time="0.251"><failure message="assert 500 == 200&#10; +  where 500 = &lt;Response [500]&gt;.status_code">backend/tests/test_test_assignments.py:424: in test_student_sees_when_available_from_is_past
    assert rs.status_code == 200
E   assert 500 == 200
E    +  where 500 = &lt;Response [500]&gt;.status_code</failure></testcase><testcase classname="backend.tests.test_test_assignments.TestListAssignments" name="test_non_enrolled_student_forbidden" time="0.178" /><testcase classname="backend.tests.test_test_assignments.TestListAssignments" name="test_classroom_not_found" time="0.117" /><testcase classname="backend.tests.test_test_assignments.TestDeleteAssignment" name="test_delete_forbidden_for_other_teacher" time="0.125" /><testcase classname="backend.tests.test_test_assignments.TestDeleteAssignment" name="test_delete_forbidden_for_student" time="0.118" /><testcase classname="backend.tests.test_test_assignments.TestDeleteAssignment" name="test_delete_not_found" time="0.118" /><testcase classname="backend.tests.test_test_assignments.TestDeleteAssignment" name="test_delete_success_by_owner" time="0.259" /></testsuite></testsuites>