<?xml version="1.0" encoding="utf-8"?><testsuites name="pytest tests"><testsuite name="pytest" errors="0" failures="0" skipped="0" tests="5" time="1.382" timestamp="2026-06-30T15:49:15.618513+00:00" hostname="agent-env-54727c13-a53c-4560-8a14-a9c660168da7"><testcase classname="backend.tests.test_turtle_curriculum" name="test_turtle_unit_has_expected_chapters" time="0.629" /><testcase classname="backend.tests.test_turtle_curriculum" name="test_turtle_unit_does_not_contain_old_hardcoded_titles" time="0.000" /><testcase classname="backend.tests.test_turtle_curriculum" name="test_turtle_chapters_have_lessons" time="0.000" /><testcase classname="backend.tests.test_turtle_curriculum" name="test_lesson_problems_chapter3_colors_lesson1" time="0.142" /><testcase classname="backend.tests.test_turtle_curriculum" name="test_lesson_problems_resolves_for_all_expected_chapter_lessons" time="0.559" /></testsuite></testsuites>