<?xml version="1.0" encoding="utf-8"?><testsuites name="pytest tests"><testsuite name="pytest" errors="0" failures="0" skipped="0" tests="14" time="3.488" timestamp="2026-04-17T13:15:16.787961+00:00" hostname="agent-env-54727c13-a53c-4560-8a14-a9c660168da7"><testcase classname="tests.test_whitespace_normalization.TestNormalizeCodeWhitespace" name="test_basic_whitespace_around_commas" time="0.000" /><testcase classname="tests.test_whitespace_normalization.TestNormalizeCodeWhitespace" name="test_whitespace_around_parentheses" time="0.000" /><testcase classname="tests.test_whitespace_normalization.TestNormalizeCodeWhitespace" name="test_whitespace_around_brackets" time="0.000" /><testcase classname="tests.test_whitespace_normalization.TestNormalizeCodeWhitespace" name="test_preserves_string_literal_spaces" time="0.000" /><testcase classname="tests.test_whitespace_normalization.TestNormalizeCodeWhitespace" name="test_preserves_double_quoted_string_spaces" time="0.000" /><testcase classname="tests.test_whitespace_normalization.TestNormalizeCodeWhitespace" name="test_complex_microbit_pattern" time="0.000" /><testcase classname="tests.test_whitespace_normalization.TestNormalizeCodeWhitespace" name="test_multiple_arguments_with_varying_spaces" time="0.000" /><testcase classname="tests.test_whitespace_normalization.TestNormalizeCodeWhitespace" name="test_nested_function_calls" time="0.000" /><testcase classname="tests.test_whitespace_normalization.TestMicrobitPatternMatching" name="test_get_microbit_problems" time="0.611" /><testcase classname="tests.test_whitespace_normalization.TestMicrobitPatternMatching" name="test_create_microbit_problem_with_alternate_patterns" time="0.515" /><testcase classname="tests.test_whitespace_normalization.TestTurtlePatternMatching" name="test_get_turtle_problems" time="0.498" /><testcase classname="tests.test_whitespace_normalization.TestPatternMatchingLogic" name="test_pattern_in_normalized_code" time="0.000" /><testcase classname="tests.test_whitespace_normalization.TestPatternMatchingLogic" name="test_multiple_patterns_with_pipe_separator" time="0.000" /><testcase classname="tests.test_whitespace_normalization.TestPatternMatchingLogic" name="test_case_insensitive_matching_for_turtle" time="0.000" /></testsuite></testsuites>